____
INFO: - PackageCLI ------------------------------------
Path                 : C:\Users\hongy\.dotnet\tools\.store\hl7.cql.packager\2.5.0\hl7.cql.packager\2.5.0\tools\net10.0\any\Hl7.Cql.Packager.dll
Command Line Args    : cql --cql ../input/cql --fhir ../output/fhir --cs ../output/csharp --json-pretty --elm ../output/elm
Build                : Release
Version              : 2.5.0
- Environment -----------------------------------
Current Time         : 2026-03-04T00:16:48.4147438+08:00
Current Directory    : C:\Hongyu\Project\Firely-NET-SDK-Labs\src
- Configuration ---------------------------------
{
  "Cql": {
    "Models": [
      "ElmR1",
      "Fhir401"
    ],
    "SystemElmModelUri": "urn:hl7-org:elm-types:r1",
    "SystemElmModelVersion": "1.0.0",
    "ValidateLiterals": true,
    "LongsRequireSuffix": true,
    "ValidateIntervals": false,
    "AllowNullIntervals": false,
    "EnableIntervalPromotion": true,
    "DisableListPromotion": true,
    "EnableIntervalDemotion": true,
    "DisableListDemotion": true,
    "AmbiguousTypeBehavior": "PreferModel"
  },
  "Elm": {
    "SkipFiles": [],
    "DebugSymbolsFormat": "None",
    "AllowInvalidCSharp": true,
    "LRUCacheSize": 0,
    "CSharpNamespace": null,
    "AllowScopeRedefinition": true,
    "AllowUnresolvedExternals": true
  },
  "Packaging": {
    "JsonPretty": true,
    "ExitOnError": false,
    "CanonicalRootUrl": "https://fire.ly/fhir/",
    "OverrideDate": null,
    "FixedLibraryCanonicals": {
      "FHIRHelpers": "https://fhir.org/guides/cqf/common/Library/FHIRHelpers"
    }
  },
  "Logging": {
    "Append": false,
    "ConsoleLogLevel": "Information",
    "FileLogLevel": "Information"
  }
}

____
INFO: Loading CQL from file: C:\Hongyu\Project\Firely-NET-SDK-Labs\input\cql\FHIRHelpers.cql
____
INFO: Adding CQL library to CqlToolkit: FHIRHelpers-4.0.1
____
INFO: Loading CQL from file: C:\Hongyu\Project\Firely-NET-SDK-Labs\input\cql\MetabolicSyndromeLogic.cql
____
INFO: Adding CQL library to CqlToolkit: MetabolicSyndromeLogic-1.0.0
____
INFO: Parsing CQL for MetabolicSyndromeLogic-1.0.0
____
INFO: Parsing CQL for FHIRHelpers-4.0.1
____
INFO: Saved ELM to file: C:\Hongyu\Project\Firely-NET-SDK-Labs\output\elm\MetabolicSyndromeLogic-1.0.0.json
____
INFO: Saved ELM to file: C:\Hongyu\Project\Firely-NET-SDK-Labs\output\elm\FHIRHelpers-4.0.1.json
____
INFO: Adding ELM library to ElmToolkit: MetabolicSyndromeLogic-1.0.0
____
INFO: Adding ELM library to ElmToolkit: FHIRHelpers-4.0.1
____
INFO: Compiling ELM into C# and .NET Binaries
____
INFO: Converting ELM Library into definitions for FHIRHelpers-4.0.1
____
WARN: FHIRHelpers-4.0.1: Function 'reference' is declared external, but it was not defined in the expression scope. A stub has been created that throws a NotImplemented exception.
____
WARN: FHIRHelpers-4.0.1: Function 'resolve' is declared external, but it was not defined in the expression scope. A stub has been created that throws a NotImplemented exception.
____
WARN: FHIRHelpers-4.0.1: Function 'resolve' is declared external, but it was not defined in the expression scope. A stub has been created that throws a NotImplemented exception.
____
WARN: FHIRHelpers-4.0.1: Function 'extension' is declared external, but it was not defined in the expression scope. A stub has been created that throws a NotImplemented exception.
____
WARN: FHIRHelpers-4.0.1: Function 'extension' is declared external, but it was not defined in the expression scope. A stub has been created that throws a NotImplemented exception.
____
WARN: FHIRHelpers-4.0.1: Function 'modifierExtension' is declared external, but it was not defined in the expression scope. A stub has been created that throws a NotImplemented exception.
____
WARN: FHIRHelpers-4.0.1: Function 'modifierExtension' is declared external, but it was not defined in the expression scope. A stub has been created that throws a NotImplemented exception.
____
WARN: FHIRHelpers-4.0.1: Function 'hasValue' is declared external, but it was not defined in the expression scope. A stub has been created that throws a NotImplemented exception.
____
WARN: FHIRHelpers-4.0.1: Function 'getValue' is declared external, but it was not defined in the expression scope. A stub has been created that throws a NotImplemented exception.
____
WARN: FHIRHelpers-4.0.1: Function 'ofType' is declared external, but it was not defined in the expression scope. A stub has been created that throws a NotImplemented exception.
____
WARN: FHIRHelpers-4.0.1: Function 'is' is declared external, but it was not defined in the expression scope. A stub has been created that throws a NotImplemented exception.
____
WARN: FHIRHelpers-4.0.1: Function 'as' is declared external, but it was not defined in the expression scope. A stub has been created that throws a NotImplemented exception.
____
WARN: FHIRHelpers-4.0.1: Function 'elementDefinition' is declared external, but it was not defined in the expression scope. A stub has been created that throws a NotImplemented exception.
____
WARN: FHIRHelpers-4.0.1: Function 'slice' is declared external, but it was not defined in the expression scope. A stub has been created that throws a NotImplemented exception.
____
WARN: FHIRHelpers-4.0.1: Function 'checkModifiers' is declared external, but it was not defined in the expression scope. A stub has been created that throws a NotImplemented exception.
____
WARN: FHIRHelpers-4.0.1: Function 'checkModifiers' is declared external, but it was not defined in the expression scope. A stub has been created that throws a NotImplemented exception.
____
WARN: FHIRHelpers-4.0.1: Function 'checkModifiers' is declared external, but it was not defined in the expression scope. A stub has been created that throws a NotImplemented exception.
____
WARN: FHIRHelpers-4.0.1: Function 'checkModifiers' is declared external, but it was not defined in the expression scope. A stub has been created that throws a NotImplemented exception.
____
WARN: FHIRHelpers-4.0.1: Function 'conformsTo' is declared external, but it was not defined in the expression scope. A stub has been created that throws a NotImplemented exception.
____
WARN: FHIRHelpers-4.0.1: Function 'memberOf' is declared external, but it was not defined in the expression scope. A stub has been created that throws a NotImplemented exception.
____
WARN: FHIRHelpers-4.0.1: Function 'memberOf' is declared external, but it was not defined in the expression scope. A stub has been created that throws a NotImplemented exception.
____
WARN: FHIRHelpers-4.0.1: Function 'memberOf' is declared external, but it was not defined in the expression scope. A stub has been created that throws a NotImplemented exception.
____
WARN: FHIRHelpers-4.0.1: Function 'subsumes' is declared external, but it was not defined in the expression scope. A stub has been created that throws a NotImplemented exception.
____
WARN: FHIRHelpers-4.0.1: Function 'subsumes' is declared external, but it was not defined in the expression scope. A stub has been created that throws a NotImplemented exception.
____
WARN: FHIRHelpers-4.0.1: Function 'subsumedBy' is declared external, but it was not defined in the expression scope. A stub has been created that throws a NotImplemented exception.
____
WARN: FHIRHelpers-4.0.1: Function 'subsumedBy' is declared external, but it was not defined in the expression scope. A stub has been created that throws a NotImplemented exception.
____
WARN: FHIRHelpers-4.0.1: Function 'htmlChecks' is declared external, but it was not defined in the expression scope. A stub has been created that throws a NotImplemented exception.
____
WARN: FHIRHelpers-4.0.1: Function ToString() skipped; another function matching this signature already exists.
____
WARN: FHIRHelpers-4.0.1: Function ToString() skipped; another function matching this signature already exists.
____
WARN: FHIRHelpers-4.0.1: Function ToString() skipped; another function matching this signature already exists.
____
WARN: FHIRHelpers-4.0.1: Function ToString() skipped; another function matching this signature already exists.
____
WARN: FHIRHelpers-4.0.1: Function ToString() skipped; another function matching this signature already exists.
____
WARN: FHIRHelpers-4.0.1: Function ToString() skipped; another function matching this signature already exists.
____
WARN: FHIRHelpers-4.0.1: Function ToString() skipped; another function matching this signature already exists.
____
WARN: FHIRHelpers-4.0.1: Function ToString() skipped; another function matching this signature already exists.
____
WARN: FHIRHelpers-4.0.1: Function ToString() skipped; another function matching this signature already exists.
____
WARN: FHIRHelpers-4.0.1: Function ToString() skipped; another function matching this signature already exists.
____
WARN: FHIRHelpers-4.0.1: Function ToString() skipped; another function matching this signature already exists.
____
WARN: FHIRHelpers-4.0.1: Function ToString() skipped; another function matching this signature already exists.
____
WARN: FHIRHelpers-4.0.1: Function ToString() skipped; another function matching this signature already exists.
____
WARN: FHIRHelpers-4.0.1: Function ToString() skipped; another function matching this signature already exists.
____
WARN: FHIRHelpers-4.0.1: Function ToString() skipped; another function matching this signature already exists.
____
WARN: FHIRHelpers-4.0.1: Function ToString() skipped; another function matching this signature already exists.
____
WARN: FHIRHelpers-4.0.1: Function ToString() skipped; another function matching this signature already exists.
____
WARN: FHIRHelpers-4.0.1: Function ToString() skipped; another function matching this signature already exists.
____
WARN: FHIRHelpers-4.0.1: Function ToString() skipped; another function matching this signature already exists.
____
WARN: FHIRHelpers-4.0.1: Function ToString() skipped; another function matching this signature already exists.
____
WARN: FHIRHelpers-4.0.1: Function ToString() skipped; another function matching this signature already exists.
____
WARN: FHIRHelpers-4.0.1: Function ToString() skipped; another function matching this signature already exists.
____
WARN: FHIRHelpers-4.0.1: Function ToString() skipped; another function matching this signature already exists.
____
WARN: FHIRHelpers-4.0.1: Function ToString() skipped; another function matching this signature already exists.
____
WARN: FHIRHelpers-4.0.1: Function ToString() skipped; another function matching this signature already exists.
____
WARN: FHIRHelpers-4.0.1: Function ToString() skipped; another function matching this signature already exists.
____
WARN: FHIRHelpers-4.0.1: Function ToString() skipped; another function matching this signature already exists.
____
WARN: FHIRHelpers-4.0.1: Function ToString() skipped; another function matching this signature already exists.
____
WARN: FHIRHelpers-4.0.1: Function ToString() skipped; another function matching this signature already exists.
____
WARN: FHIRHelpers-4.0.1: Function ToString() skipped; another function matching this signature already exists.
____
WARN: FHIRHelpers-4.0.1: Function ToString() skipped; another function matching this signature already exists.
____
WARN: FHIRHelpers-4.0.1: Function ToString() skipped; another function matching this signature already exists.
____
WARN: FHIRHelpers-4.0.1: Function ToString() skipped; another function matching this signature already exists.
____
WARN: FHIRHelpers-4.0.1: Function ToString() skipped; another function matching this signature already exists.
____
INFO: Converting ELM Library into definitions for MetabolicSyndromeLogic-1.0.0
____
INFO: Generating definitions into C#: FHIRHelpers-4.0.1 
____
INFO: Compiling C# into .NET Assembly: FHIRHelpers-4.0.1
____
INFO: Generating definitions into C#: MetabolicSyndromeLogic-1.0.0 
____
INFO: Compiling C# into .NET Assembly: MetabolicSyndromeLogic-1.0.0
____
INFO: Saved C# source code to file: C:\Hongyu\Project\Firely-NET-SDK-Labs\output\csharp\MetabolicSyndromeLogic-1.0.0.g.cs
____
INFO: Saved C# source code to file: C:\Hongyu\Project\Firely-NET-SDK-Labs\output\csharp\FHIRHelpers-4.0.1.g.cs
____
INFO: Adding CQL, ELM, C# and .NET Assembly Binary to PackagingToolkit: MetabolicSyndromeLogic-1.0.0
____
INFO: Adding CQL, ELM, C# and .NET Assembly Binary to PackagingToolkit: FHIRHelpers-4.0.1
____
INFO: Adding CQL, ELM, C# and .NET Assembly Binary to PackagingToolkit: MetabolicSyndromeLogic-1.0.0
____
INFO: Adding CQL, ELM, C# and .NET Assembly Binary to PackagingToolkit: FHIRHelpers-4.0.1
____
INFO: Packaging FHIR resources for library: FHIRHelpers-4.0.1
____
INFO: Packaging FHIR resources for library: MetabolicSyndromeLogic-1.0.0
____
INFO: Saving FHIR Resource: C:\Hongyu\Project\Firely-NET-SDK-Labs\output\fhir\Library-MetabolicSyndromeLogic-1.0.0.json
____
INFO: Saving FHIR Resource: C:\Hongyu\Project\Firely-NET-SDK-Labs\output\fhir\Library-FHIRHelpers-4.0.1.json
____
INFO: 
## Processing Report

### Summary
* Loaded 2 CQL libraries from directory C:\Hongyu\Project\Firely-NET-SDK-Labs\input\cql.
* Saved 2 ELM files to directory C:\Hongyu\Project\Firely-NET-SDK-Labs\output\elm.
* Saved 2 C# files (*.g.cs) to directory C:\Hongyu\Project\Firely-NET-SDK-Labs\output\csharp.
* Saved 2 FHIR libraries (Library-*.json) to directory C:\Hongyu\Project\Firely-NET-SDK-Labs\output\fhir.

| Library                      | CQL         | ELM         | C#          | .NET     | FHIR Resource        |
| ---------------------------- | ----------- | ----------- | ----------- | -------- | -------------------- |
| **Total**                    | **2**       | **2**       | **2**       | **2**    | **2**                |
| FHIRHelpers-4.0.1            | loaded .cql | saved .json | saved .g.cs | ok       | saved Library-*.json |
| MetabolicSyndromeLogic-1.0.0 | loaded .cql | saved .json | saved .g.cs | ok       | saved Library-*.json |

